<?xml version="1.0" encoding="UTF-8"?>
<testng-results skipped="0" failed="0" ignored="0" total="3" passed="3">
  <reporter-output>
  </reporter-output>
  <suite name="Default suite" duration-ms="74" started-at="2021-01-16T11:18:14Z" finished-at="2021-01-16T11:18:14Z">
    <groups>
    </groups>
    <test name="Default test" duration-ms="74" started-at="2021-01-16T11:18:14Z" finished-at="2021-01-16T11:18:14Z">
      <class name="regression.ClassA">
        <test-method status="PASS" signature="m1()[pri:1, instance:regression.ClassA@5056dfcb]" name="m1" duration-ms="22" started-at="2021-01-16T16:48:14Z" finished-at="2021-01-16T16:48:14Z">
          <reporter-output>
          </reporter-output>
        </test-method> <!-- m1 -->
        <test-method status="PASS" signature="aTest()[pri:2, instance:regression.ClassA@5056dfcb]" name="aTest" duration-ms="4" started-at="2021-01-16T16:48:14Z" finished-at="2021-01-16T16:48:14Z">
          <reporter-output>
          </reporter-output>
        </test-method> <!-- aTest -->
        <test-method status="PASS" signature="m2()[pri:3, instance:regression.ClassA@5056dfcb]" name="m2" duration-ms="3" started-at="2021-01-16T16:48:14Z" finished-at="2021-01-16T16:48:14Z">
          <reporter-output>
          </reporter-output>
        </test-method> <!-- m2 -->
      </class> <!-- regression.ClassA -->
    </test> <!-- Default test -->
  </suite> <!-- Default suite -->
</testng-results>
